{"contracts/CrowdsaleLib.sol":{"l":{"98":1,"99":1,"101":1,"102":1,"103":1,"104":1,"105":1,"106":1,"107":1,"108":1,"109":1,"111":1,"112":1,"113":3,"114":3,"115":3,"116":3,"117":3,"118":3,"119":3,"121":1,"128":11,"135":10,"142":8,"143":8,"144":6,"146":2,"147":2,"155":9,"157":9,"158":3,"159":3,"162":6,"163":3,"164":2,"165":2,"167":1,"168":1,"169":1,"170":1,"171":1,"176":4,"177":4,"178":4,"179":4,"180":4,"181":4,"188":6,"189":5,"190":5,"193":1,"194":1,"195":1,"196":1,"197":1,"204":4,"205":3,"206":3,"209":1,"210":1,"212":1,"213":1,"214":1,"215":1,"217":1,"229":2,"231":2,"233":2,"240":2,"241":2,"242":1,"244":1,"246":1,"247":1,"248":1,"249":1,"251":1,"263":2,"264":2,"266":2,"267":3,"269":2,"270":1,"272":2,"273":2,"274":2,"275":2,"282":1},"path":"/Users/hackdom/Projects/ethereum-libraries/CrowdsaleLib/DirectCrowdsale/truffle/contracts/CrowdsaleLib.sol","s":{"1":1,"2":1,"3":1,"4":1,"5":1,"6":1,"7":1,"8":1,"9":1,"10":1,"11":1,"12":1,"13":1,"14":3,"15":3,"16":3,"17":3,"18":3,"19":3,"20":1,"21":11,"22":10,"23":8,"24":8,"25":6,"26":2,"27":2,"28":9,"29":3,"30":3,"31":6,"32":3,"33":2,"34":2,"35":1,"36":1,"37":1,"38":1,"39":1,"40":4,"41":4,"42":4,"43":4,"44":4,"45":4,"46":6,"47":5,"48":5,"49":1,"50":1,"51":1,"52":1,"53":4,"54":3,"55":3,"56":1,"57":1,"58":1,"59":1,"60":1,"61":1,"62":2,"63":2,"64":2,"65":2,"66":2,"67":1,"68":1,"69":1,"70":1,"71":1,"72":1,"73":2,"74":2,"75":2,"76":2,"77":2,"78":2,"79":1},"b":{"1":[1,0],"2":[1,0],"3":[1,0],"4":[1,0],"5":[1,0],"6":[1,0],"7":[1,0],"8":[3,0],"9":[3,0],"10":[3,0],"11":[6,2],"12":[3,6],"13":[3,3],"14":[2,1],"15":[1,0],"16":[1,0],"17":[4,0],"18":[5,1],"19":[3,1],"20":[1,0],"21":[1,0],"22":[2,0],"23":[2,0],"24":[1,1],"25":[1,0],"26":[1,1]},"f":{"1":1,"2":11,"3":10,"4":8,"5":9,"6":6,"7":4,"8":2,"9":2,"10":2,"11":1},"fnMap":{"1":{"name":"init","line":90,"loc":{"start":{"line":90,"column":2},"end":{"line":97,"column":3}}},"2":{"name":"crowdsaleActive","line":127,"loc":{"start":{"line":127,"column":2},"end":{"line":127,"column":84}}},"3":{"name":"crowdsaleEnded","line":134,"loc":{"start":{"line":134,"column":2},"end":{"line":134,"column":83}}},"4":{"name":"validPurchase","line":141,"loc":{"start":{"line":141,"column":2},"end":{"line":141,"column":79}}},"5":{"name":"withdrawTokens","line":154,"loc":{"start":{"line":154,"column":2},"end":{"line":154,"column":78}}},"6":{"name":"withdrawLeftoverWei","line":187,"loc":{"start":{"line":187,"column":2},"end":{"line":187,"column":83}}},"7":{"name":"withdrawOwnerEth","line":203,"loc":{"start":{"line":203,"column":2},"end":{"line":203,"column":80}}},"8":{"name":"changeTokenPrice","line":224,"loc":{"start":{"line":224,"column":2},"end":{"line":228,"column":3}}},"9":{"name":"setTokens","line":239,"loc":{"start":{"line":239,"column":2},"end":{"line":239,"column":73}}},"10":{"name":"getSaleData","line":258,"loc":{"start":{"line":258,"column":2},"end":{"line":262,"column":3}}},"11":{"name":"getTokensSold","line":281,"loc":{"start":{"line":281,"column":2},"end":{"line":281,"column":85}}}},"statementMap":{"1":{"start":{"line":98,"column":3},"end":{"line":98,"column":26}},"2":{"start":{"line":99,"column":4},"end":{"line":99,"column":32}},"3":{"start":{"line":100,"column":4},"end":{"line":100,"column":37}},"4":{"start":{"line":101,"column":4},"end":{"line":101,"column":42}},"5":{"start":{"line":102,"column":4},"end":{"line":102,"column":35}},"6":{"start":{"line":103,"column":4},"end":{"line":103,"column":22}},"7":{"start":{"line":104,"column":4},"end":{"line":104,"column":31}},"8":{"start":{"line":105,"column":4},"end":{"line":105,"column":22}},"9":{"start":{"line":106,"column":4},"end":{"line":106,"column":32}},"10":{"start":{"line":107,"column":4},"end":{"line":107,"column":26}},"11":{"start":{"line":108,"column":4},"end":{"line":108,"column":22}},"12":{"start":{"line":109,"column":4},"end":{"line":109,"column":34}},"13":{"start":{"line":112,"column":4},"end":{"line":112,"column":4588}},"14":{"start":{"line":113,"column":6},"end":{"line":113,"column":38}},"15":{"start":{"line":114,"column":6},"end":{"line":114,"column":34}},"16":{"start":{"line":115,"column":6},"end":{"line":115,"column":66}},"17":{"start":{"line":117,"column":6},"end":{"line":117,"column":54}},"18":{"start":{"line":118,"column":6},"end":{"line":118,"column":54}},"19":{"start":{"line":119,"column":6},"end":{"line":119,"column":29}},"20":{"start":{"line":121,"column":4},"end":{"line":121,"column":39}},"21":{"start":{"line":128,"column":3},"end":{"line":128,"column":56}},"22":{"start":{"line":135,"column":3},"end":{"line":135,"column":28}},"23":{"start":{"line":142,"column":4},"end":{"line":142,"column":40}},"24":{"start":{"line":143,"column":4},"end":{"line":143,"column":5878}},"25":{"start":{"line":144,"column":6},"end":{"line":144,"column":17}},"26":{"start":{"line":146,"column":6},"end":{"line":146,"column":86}},"27":{"start":{"line":147,"column":6},"end":{"line":147,"column":18}},"28":{"start":{"line":157,"column":4},"end":{"line":157,"column":6336}},"29":{"start":{"line":158,"column":6},"end":{"line":158,"column":56}},"30":{"start":{"line":159,"column":6},"end":{"line":159,"column":18}},"31":{"start":{"line":162,"column":4},"end":{"line":162,"column":6473}},"32":{"start":{"line":163,"column":6},"end":{"line":163,"column":6513}},"33":{"start":{"line":164,"column":8},"end":{"line":164,"column":81}},"34":{"start":{"line":165,"column":8},"end":{"line":165,"column":20}},"35":{"start":{"line":167,"column":8},"end":{"line":167,"column":6671}},"36":{"start":{"line":168,"column":10},"end":{"line":168,"column":90}},"37":{"start":{"line":169,"column":10},"end":{"line":169,"column":94}},"38":{"start":{"line":170,"column":10},"end":{"line":170,"column":47}},"39":{"start":{"line":171,"column":10},"end":{"line":171,"column":20}},"40":{"start":{"line":176,"column":4},"end":{"line":176,"column":50}},"41":{"start":{"line":177,"column":4},"end":{"line":177,"column":41}},"42":{"start":{"line":178,"column":4},"end":{"line":178,"column":46}},"43":{"start":{"line":179,"column":4},"end":{"line":179,"column":14}},"44":{"start":{"line":180,"column":4},"end":{"line":180,"column":40}},"45":{"start":{"line":181,"column":4},"end":{"line":181,"column":15}},"46":{"start":{"line":188,"column":4},"end":{"line":188,"column":7480}},"47":{"start":{"line":189,"column":6},"end":{"line":189,"column":59}},"48":{"start":{"line":190,"column":6},"end":{"line":190,"column":18}},"49":{"start":{"line":193,"column":4},"end":{"line":193,"column":44}},"50":{"start":{"line":194,"column":4},"end":{"line":194,"column":35}},"51":{"start":{"line":196,"column":4},"end":{"line":196,"column":37}},"52":{"start":{"line":197,"column":4},"end":{"line":197,"column":15}},"53":{"start":{"line":204,"column":4},"end":{"line":204,"column":8055}},"54":{"start":{"line":205,"column":6},"end":{"line":205,"column":72}},"55":{"start":{"line":206,"column":6},"end":{"line":206,"column":18}},"56":{"start":{"line":209,"column":4},"end":{"line":209,"column":36}},"57":{"start":{"line":210,"column":4},"end":{"line":210,"column":33}},"58":{"start":{"line":212,"column":4},"end":{"line":212,"column":37}},"59":{"start":{"line":213,"column":4},"end":{"line":213,"column":24}},"60":{"start":{"line":215,"column":4},"end":{"line":215,"column":85}},"61":{"start":{"line":217,"column":4},"end":{"line":217,"column":15}},"62":{"start":{"line":229,"column":3},"end":{"line":229,"column":28}},"63":{"start":{"line":231,"column":4},"end":{"line":231,"column":36}},"64":{"start":{"line":233,"column":4},"end":{"line":233,"column":15}},"65":{"start":{"line":240,"column":4},"end":{"line":240,"column":36}},"66":{"start":{"line":241,"column":4},"end":{"line":241,"column":27}},"67":{"start":{"line":242,"column":4},"end":{"line":242,"column":30}},"68":{"start":{"line":246,"column":4},"end":{"line":246,"column":45}},"69":{"start":{"line":247,"column":4},"end":{"line":247,"column":53}},"70":{"start":{"line":248,"column":4},"end":{"line":248,"column":44}},"71":{"start":{"line":249,"column":4},"end":{"line":249,"column":24}},"72":{"start":{"line":251,"column":4},"end":{"line":251,"column":15}},"73":{"start":{"line":266,"column":4},"end":{"line":266,"column":10149}},"74":{"start":{"line":269,"column":4},"end":{"line":269,"column":10273}},"75":{"start":{"line":272,"column":4},"end":{"line":272,"column":48}},"76":{"start":{"line":273,"column":4},"end":{"line":273,"column":48}},"77":{"start":{"line":274,"column":4},"end":{"line":274,"column":48}},"78":{"start":{"line":275,"column":4},"end":{"line":275,"column":20}},"79":{"start":{"line":282,"column":4},"end":{"line":282,"column":73}}},"branchMap":{"1":{"line":98,"type":"if","locations":[{"start":{"line":98,"column":3},"end":{"line":98,"column":3}},{"start":{"line":98,"column":3},"end":{"line":98,"column":3}}]},"2":{"line":99,"type":"if","locations":[{"start":{"line":99,"column":4},"end":{"line":99,"column":4}},{"start":{"line":99,"column":4},"end":{"line":99,"column":4}}]},"3":{"line":100,"type":"if","locations":[{"start":{"line":100,"column":4},"end":{"line":100,"column":4}},{"start":{"line":100,"column":4},"end":{"line":100,"column":4}}]},"4":{"line":101,"type":"if","locations":[{"start":{"line":101,"column":4},"end":{"line":101,"column":4}},{"start":{"line":101,"column":4},"end":{"line":101,"column":4}}]},"5":{"line":102,"type":"if","locations":[{"start":{"line":102,"column":4},"end":{"line":102,"column":4}},{"start":{"line":102,"column":4},"end":{"line":102,"column":4}}]},"6":{"line":103,"type":"if","locations":[{"start":{"line":103,"column":4},"end":{"line":103,"column":4}},{"start":{"line":103,"column":4},"end":{"line":103,"column":4}}]},"7":{"line":104,"type":"if","locations":[{"start":{"line":104,"column":4},"end":{"line":104,"column":4}},{"start":{"line":104,"column":4},"end":{"line":104,"column":4}}]},"8":{"line":113,"type":"if","locations":[{"start":{"line":113,"column":6},"end":{"line":113,"column":6}},{"start":{"line":113,"column":6},"end":{"line":113,"column":6}}]},"9":{"line":114,"type":"if","locations":[{"start":{"line":114,"column":6},"end":{"line":114,"column":6}},{"start":{"line":114,"column":6},"end":{"line":114,"column":6}}]},"10":{"line":115,"type":"if","locations":[{"start":{"line":115,"column":6},"end":{"line":115,"column":6}},{"start":{"line":115,"column":6},"end":{"line":115,"column":6}}]},"11":{"line":143,"type":"if","locations":[{"start":{"line":143,"column":4},"end":{"line":143,"column":4}},{"start":{"line":143,"column":4},"end":{"line":143,"column":4}}]},"12":{"line":157,"type":"if","locations":[{"start":{"line":157,"column":4},"end":{"line":157,"column":4}},{"start":{"line":157,"column":4},"end":{"line":157,"column":4}}]},"13":{"line":162,"type":"if","locations":[{"start":{"line":162,"column":4},"end":{"line":162,"column":4}},{"start":{"line":162,"column":4},"end":{"line":162,"column":4}}]},"14":{"line":163,"type":"if","locations":[{"start":{"line":163,"column":6},"end":{"line":163,"column":6}},{"start":{"line":163,"column":6},"end":{"line":163,"column":6}}]},"15":{"line":167,"type":"if","locations":[{"start":{"line":167,"column":8},"end":{"line":167,"column":8}},{"start":{"line":167,"column":8},"end":{"line":167,"column":8}}]},"16":{"line":171,"type":"if","locations":[{"start":{"line":171,"column":10},"end":{"line":171,"column":10}},{"start":{"line":171,"column":10},"end":{"line":171,"column":10}}]},"17":{"line":179,"type":"if","locations":[{"start":{"line":179,"column":4},"end":{"line":179,"column":4}},{"start":{"line":179,"column":4},"end":{"line":179,"column":4}}]},"18":{"line":188,"type":"if","locations":[{"start":{"line":188,"column":4},"end":{"line":188,"column":4}},{"start":{"line":188,"column":4},"end":{"line":188,"column":4}}]},"19":{"line":204,"type":"if","locations":[{"start":{"line":204,"column":4},"end":{"line":204,"column":4}},{"start":{"line":204,"column":4},"end":{"line":204,"column":4}}]},"20":{"line":209,"type":"if","locations":[{"start":{"line":209,"column":4},"end":{"line":209,"column":4}},{"start":{"line":209,"column":4},"end":{"line":209,"column":4}}]},"21":{"line":210,"type":"if","locations":[{"start":{"line":210,"column":4},"end":{"line":210,"column":4}},{"start":{"line":210,"column":4},"end":{"line":210,"column":4}}]},"22":{"line":229,"type":"if","locations":[{"start":{"line":229,"column":3},"end":{"line":229,"column":3}},{"start":{"line":229,"column":3},"end":{"line":229,"column":3}}]},"23":{"line":240,"type":"if","locations":[{"start":{"line":240,"column":4},"end":{"line":240,"column":4}},{"start":{"line":240,"column":4},"end":{"line":240,"column":4}}]},"24":{"line":241,"type":"if","locations":[{"start":{"line":241,"column":4},"end":{"line":241,"column":4}},{"start":{"line":241,"column":4},"end":{"line":241,"column":4}}]},"25":{"line":242,"type":"if","locations":[{"start":{"line":242,"column":4},"end":{"line":242,"column":4}},{"start":{"line":242,"column":4},"end":{"line":242,"column":4}}]},"26":{"line":269,"type":"if","locations":[{"start":{"line":269,"column":4},"end":{"line":269,"column":4}},{"start":{"line":269,"column":4},"end":{"line":269,"column":4}}]}}},"contracts/DirectCrowdsaleLib.sol":{"l":{"68":1,"83":10,"84":8,"87":6,"90":1,"93":1,"96":1,"97":1,"105":6,"108":6,"109":6,"111":6,"112":6,"113":6,"114":6,"115":6,"116":6,"119":6,"121":6,"124":6,"125":6,"130":6,"133":6,"134":6,"135":6,"137":6,"139":6,"145":2,"149":9,"153":6,"157":4,"165":2,"169":1,"173":3,"177":3},"path":"/Users/hackdom/Projects/ethereum-libraries/CrowdsaleLib/DirectCrowdsale/truffle/contracts/DirectCrowdsaleLib.sol","s":{"1":10,"2":8,"3":6,"4":1,"5":1,"6":1,"7":6,"8":6,"9":6,"10":6,"11":6,"12":6,"13":6,"14":6,"15":6,"16":6,"17":6,"18":6,"19":6,"20":6,"21":6,"22":6,"23":6,"24":6,"25":6,"26":2,"27":9,"28":6,"29":4,"30":2,"31":1,"32":3,"33":3},"b":{"1":[8,2],"2":[6,2],"3":[1,5],"4":[6,0],"5":[6,0],"6":[6,0],"7":[6,0]},"f":{"1":1,"2":10,"3":2,"4":9,"5":6,"6":4,"7":2,"8":1,"9":3,"10":3},"fnMap":{"1":{"name":"init","line":60,"loc":{"start":{"line":60,"column":2},"end":{"line":67,"column":3}}},"2":{"name":"receivePurchase","line":79,"loc":{"start":{"line":79,"column":2},"end":{"line":82,"column":3}}},"3":{"name":"setTokens","line":144,"loc":{"start":{"line":144,"column":2},"end":{"line":144,"column":79}}},"4":{"name":"withdrawTokens","line":148,"loc":{"start":{"line":148,"column":2},"end":{"line":148,"column":84}}},"5":{"name":"withdrawLeftoverWei","line":152,"loc":{"start":{"line":152,"column":2},"end":{"line":152,"column":89}}},"6":{"name":"withdrawOwnerEth","line":156,"loc":{"start":{"line":156,"column":2},"end":{"line":156,"column":86}}},"7":{"name":"getSaleData","line":160,"loc":{"start":{"line":160,"column":2},"end":{"line":164,"column":3}}},"8":{"name":"getTokensSold","line":168,"loc":{"start":{"line":168,"column":2},"end":{"line":168,"column":91}}},"9":{"name":"crowdsaleActive","line":172,"loc":{"start":{"line":172,"column":2},"end":{"line":172,"column":90}}},"10":{"name":"crowdsaleEnded","line":176,"loc":{"start":{"line":176,"column":2},"end":{"line":176,"column":89}}}},"statementMap":{"1":{"start":{"line":83,"column":4},"end":{"line":83,"column":41}},"2":{"start":{"line":84,"column":3},"end":{"line":84,"column":36}},"3":{"start":{"line":87,"column":3},"end":{"line":87,"column":3379}},"4":{"start":{"line":90,"column":8},"end":{"line":90,"column":3545}},"5":{"start":{"line":93,"column":10},"end":{"line":93,"column":40}},"6":{"start":{"line":97,"column":8},"end":{"line":97,"column":77}},"7":{"start":{"line":108,"column":4},"end":{"line":108,"column":59}},"8":{"start":{"line":109,"column":4},"end":{"line":109,"column":16}},"9":{"start":{"line":111,"column":4},"end":{"line":111,"column":48}},"10":{"start":{"line":112,"column":4},"end":{"line":112,"column":48}},"11":{"start":{"line":113,"column":4},"end":{"line":113,"column":51}},"12":{"start":{"line":114,"column":4},"end":{"line":114,"column":29}},"13":{"start":{"line":115,"column":4},"end":{"line":115,"column":33}},"14":{"start":{"line":116,"column":4},"end":{"line":116,"column":52}},"15":{"start":{"line":119,"column":4},"end":{"line":119,"column":50}},"16":{"start":{"line":121,"column":4},"end":{"line":121,"column":56}},"17":{"start":{"line":124,"column":4},"end":{"line":124,"column":59}},"18":{"start":{"line":125,"column":4},"end":{"line":125,"column":16}},"19":{"start":{"line":127,"column":4},"end":{"line":127,"column":39}},"20":{"start":{"line":130,"column":3},"end":{"line":130,"column":55}},"21":{"start":{"line":133,"column":4},"end":{"line":133,"column":84}},"22":{"start":{"line":134,"column":4},"end":{"line":134,"column":16}},"23":{"start":{"line":135,"column":4},"end":{"line":135,"column":60}},"24":{"start":{"line":137,"column":3},"end":{"line":137,"column":41}},"25":{"start":{"line":139,"column":4},"end":{"line":139,"column":15}},"26":{"start":{"line":145,"column":4},"end":{"line":145,"column":32}},"27":{"start":{"line":149,"column":4},"end":{"line":149,"column":37}},"28":{"start":{"line":153,"column":4},"end":{"line":153,"column":42}},"29":{"start":{"line":157,"column":4},"end":{"line":157,"column":39}},"30":{"start":{"line":165,"column":4},"end":{"line":165,"column":43}},"31":{"start":{"line":169,"column":4},"end":{"line":169,"column":36}},"32":{"start":{"line":173,"column":4},"end":{"line":173,"column":38}},"33":{"start":{"line":177,"column":4},"end":{"line":177,"column":37}}},"branchMap":{"1":{"line":83,"type":"if","locations":[{"start":{"line":83,"column":4},"end":{"line":83,"column":4}},{"start":{"line":83,"column":4},"end":{"line":83,"column":4}}]},"2":{"line":84,"type":"if","locations":[{"start":{"line":84,"column":3},"end":{"line":84,"column":3}},{"start":{"line":84,"column":3},"end":{"line":84,"column":3}}]},"3":{"line":87,"type":"if","locations":[{"start":{"line":87,"column":3},"end":{"line":87,"column":3}},{"start":{"line":87,"column":3},"end":{"line":87,"column":3}}]},"4":{"line":109,"type":"if","locations":[{"start":{"line":109,"column":4},"end":{"line":109,"column":4}},{"start":{"line":109,"column":4},"end":{"line":109,"column":4}}]},"5":{"line":121,"type":"if","locations":[{"start":{"line":121,"column":4},"end":{"line":121,"column":4}},{"start":{"line":121,"column":4},"end":{"line":121,"column":4}}]},"6":{"line":125,"type":"if","locations":[{"start":{"line":125,"column":4},"end":{"line":125,"column":4}},{"start":{"line":125,"column":4},"end":{"line":125,"column":4}}]},"7":{"line":134,"type":"if","locations":[{"start":{"line":134,"column":4},"end":{"line":134,"column":4}},{"start":{"line":134,"column":4},"end":{"line":134,"column":4}}]}}}}